c:\users\billy.herringt0n\source\repos\consoleapplication1\x64\debug\vc143.pdb
c:\users\billy.herringt0n\source\repos\consoleapplication1\x64\debug\vc143.idb
c:\users\billy.herringt0n\source\repos\consoleapplication1\x64\debug\main.obj
c:\download\student\prog\lab1\x64\debug\vc143.pdb
c:\download\student\prog\lab1\x64\debug\vc143.idb
c:\download\student\prog\lab1\x64\debug\main.obj
c:\users\billy.herringt0n\source\repos\consoleapplication1\x64\debug\consoleapplication1.exe
c:\users\billy.herringt0n\source\repos\consoleapplication1\x64\debug\consoleapplication1.ilk
c:\users\billy.herringt0n\source\repos\consoleapplication1\x64\debug\consoleapplication1.pdb
c:\download\student\prog\lab1\x64\debug\consoleapplication1.exe
c:\download\student\prog\lab1\x64\debug\consoleapplication1.ilk
c:\download\student\prog\lab1\x64\debug\consoleapplication1.pdb
d:\pgu\1 курс\2 семестр\итвпд\lr10\finalwork\laba1\lab1\x64\debug\main.obj
d:\pgu\1 курс\2 семестр\итвпд\lr10\finalwork\laba1\lab1\x64\debug\consoleapplication1.ilk
d:\pgu\1 курс\2 семестр\итвпд\lr10\finalwork\laba1\lab1\x64\debug\vc143.idb
d:\pgu\1 курс\2 семестр\итвпд\lr10\finalwork\laba1\lab1\x64\debug\consoleapplication1.pdb
d:\pgu\1 курс\2 семестр\итвпд\lr10\finalwork\laba1\lab1\x64\debug\vc143.pdb
d:\pgu\1 курс\2 семестр\итвпд\lr10\finalwork\laba1\lab1\x64\debug\consoleapplication1.exe
d:\pgu\1 курс\2 семестр\итвпд\lr10\finalwork\laba1\lab1\x64\debug\consolea.fc5cb60e.tlog\cl.command.1.tlog
d:\pgu\1 курс\2 семестр\итвпд\lr10\finalwork\laba1\lab1\x64\debug\consolea.fc5cb60e.tlog\cl.read.1.tlog
d:\pgu\1 курс\2 семестр\итвпд\lr10\finalwork\laba1\lab1\x64\debug\consolea.fc5cb60e.tlog\cl.write.1.tlog
d:\pgu\1 курс\2 семестр\итвпд\lr10\finalwork\laba1\lab1\x64\debug\consolea.fc5cb60e.tlog\link.command.1.tlog
d:\pgu\1 курс\2 семестр\итвпд\lr10\finalwork\laba1\lab1\x64\debug\consolea.fc5cb60e.tlog\link.read.1.tlog
d:\pgu\1 курс\2 семестр\итвпд\lr10\finalwork\laba1\lab1\x64\debug\consolea.fc5cb60e.tlog\link.write.1.tlog
